e:\workspace\wheel\qtcustomwidgets\widgets\widget_sidebarwindow\sidebar01\x64\debug\vc143.pdb
e:\workspace\wheel\qtcustomwidgets\widgets\widget_sidebarwindow\sidebar01\x64\debug\vc143.idb
e:\workspace\wheel\qtcustomwidgets\widgets\widget_sidebarwindow\sidebar01\x64\debug\qrc_mainwindow.obj
e:\workspace\wheel\qtcustomwidgets\widgets\widget_sidebarwindow\sidebar01\x64\debug\sidebar.obj
e:\workspace\wheel\qtcustomwidgets\widgets\widget_sidebarwindow\sidebar01\x64\debug\mainwindow.obj
e:\workspace\wheel\qtcustomwidgets\widgets\widget_sidebarwindow\sidebar01\x64\debug\main.obj
e:\workspace\wheel\qtcustomwidgets\widgets\widget_sidebarwindow\sidebar01\x64\debug\moc_sidebar.obj
e:\workspace\wheel\qtcustomwidgets\widgets\widget_sidebarwindow\sidebar01\x64\debug\moc_mainwindow.obj
e:\workspace\wheel\qtcustomwidgets\widgets\widget_sidebarwindow\x64\debug\sidebar01.exe
e:\workspace\wheel\qtcustomwidgets\widgets\widget_sidebarwindow\x64\debug\sidebar01.pdb
e:\workspace\wheel\qtcustomwidgets\widgets\widget_sidebarwindow\sidebar01\x64\debug\moc\moc_mainwindow.cpp
e:\workspace\wheel\qtcustomwidgets\widgets\widget_sidebarwindow\sidebar01\x64\debug\moc\moc_sidebar.cpp
e:\workspace\wheel\qtcustomwidgets\widgets\widget_sidebarwindow\sidebar01\x64\debug\rcc\qrc_mainwindow.cpp
e:\workspace\wheel\qtcustomwidgets\widgets\widget_sidebarwindow\sidebar01\x64\debug\uic\ui_mainwindow.h
e:\workspace\wheel\qtcustomwidgets\widgets\widget_sidebarwindow\sidebar01\x64\debug\uic\ui_sidebar.h
e:\workspace\wheel\qtcustomwidgets\widgets\widget_sidebarwindow\sidebar01\x64\debug\sidebar01.ilk
e:\workspace\wheel\qtcustomwidgets\widgets\widget_sidebarwindow\sidebar01\x64\debug\sidebar01.tlog\cl.command.1.tlog
e:\workspace\wheel\qtcustomwidgets\widgets\widget_sidebarwindow\sidebar01\x64\debug\sidebar01.tlog\cl.items.tlog
e:\workspace\wheel\qtcustomwidgets\widgets\widget_sidebarwindow\sidebar01\x64\debug\sidebar01.tlog\cl.read.1.tlog
e:\workspace\wheel\qtcustomwidgets\widgets\widget_sidebarwindow\sidebar01\x64\debug\sidebar01.tlog\cl.write.1.tlog
e:\workspace\wheel\qtcustomwidgets\widgets\widget_sidebarwindow\sidebar01\x64\debug\sidebar01.tlog\link.command.1.tlog
e:\workspace\wheel\qtcustomwidgets\widgets\widget_sidebarwindow\sidebar01\x64\debug\sidebar01.tlog\link.read.1.tlog
e:\workspace\wheel\qtcustomwidgets\widgets\widget_sidebarwindow\sidebar01\x64\debug\sidebar01.tlog\link.secondary.1.tlog
e:\workspace\wheel\qtcustomwidgets\widgets\widget_sidebarwindow\sidebar01\x64\debug\sidebar01.tlog\link.write.1.tlog
e:\workspace\wheel\qtcustomwidgets\widgets\widget_sidebarwindow\sidebar01\x64\debug\sidebar01.tlog\moc.read.1u.tlog
e:\workspace\wheel\qtcustomwidgets\widgets\widget_sidebarwindow\sidebar01\x64\debug\sidebar01.tlog\moc.write.1u.tlog
e:\workspace\wheel\qtcustomwidgets\widgets\widget_sidebarwindow\sidebar01\x64\debug\sidebar01.tlog\rcc.read.1u.tlog
e:\workspace\wheel\qtcustomwidgets\widgets\widget_sidebarwindow\sidebar01\x64\debug\sidebar01.tlog\rcc.write.1u.tlog
e:\workspace\wheel\qtcustomwidgets\widgets\widget_sidebarwindow\sidebar01\x64\debug\sidebar01.tlog\sidebar01.write.1u.tlog
e:\workspace\wheel\qtcustomwidgets\widgets\widget_sidebarwindow\sidebar01\x64\debug\sidebar01.tlog\uic.read.1u.tlog
e:\workspace\wheel\qtcustomwidgets\widgets\widget_sidebarwindow\sidebar01\x64\debug\sidebar01.tlog\uic.write.1u.tlog
