e:\workspace\wheel\qtcustomwidgets\widgets\scrollbarcustom\scrollbarcustom\x64\debug\vc143.pdb
e:\workspace\wheel\qtcustomwidgets\widgets\scrollbarcustom\scrollbarcustom\x64\debug\qrc_mainwindow.obj
e:\workspace\wheel\qtcustomwidgets\widgets\scrollbarcustom\scrollbarcustom\x64\debug\mainwindow.obj
e:\workspace\wheel\qtcustomwidgets\widgets\scrollbarcustom\scrollbarcustom\x64\debug\main.obj
e:\workspace\wheel\qtcustomwidgets\widgets\scrollbarcustom\scrollbarcustom\x64\debug\scrollbarcustom.obj
e:\workspace\wheel\qtcustomwidgets\widgets\scrollbarcustom\scrollbarcustom\x64\debug\moc_mainwindow.obj
e:\workspace\wheel\qtcustomwidgets\widgets\scrollbarcustom\scrollbarcustom\x64\debug\moc_scrollbarcustom.obj
e:\workspace\wheel\qtcustomwidgets\widgets\widget_scrollbarcustom\scrollbarcustom\x64\debug\vc143.pdb
e:\workspace\wheel\qtcustomwidgets\widgets\widget_scrollbarcustom\scrollbarcustom\x64\debug\scrollbarcustom.obj
e:\workspace\wheel\qtcustomwidgets\widgets\widget_scrollbarcustom\scrollbarcustom\x64\debug\main.obj
e:\workspace\wheel\qtcustomwidgets\widgets\widget_scrollbarcustom\scrollbarcustom\x64\debug\mainwindow.obj
e:\workspace\wheel\qtcustomwidgets\widgets\widget_scrollbarcustom\scrollbarcustom\x64\debug\qrc_mainwindow.obj
e:\workspace\wheel\qtcustomwidgets\widgets\widget_scrollbarcustom\scrollbarcustom\x64\debug\moc_mainwindow.obj
e:\workspace\wheel\qtcustomwidgets\widgets\widget_scrollbarcustom\scrollbarcustom\x64\debug\moc_scrollbarcustom.obj
e:\workspace\wheel\qtcustomwidgets\widgets\scrollbarcustom\x64\debug\scrollbarcustom.exe
e:\workspace\wheel\qtcustomwidgets\widgets\scrollbarcustom\x64\debug\scrollbarcustom.pdb
e:\workspace\wheel\qtcustomwidgets\widgets\widget_scrollbarcustom\scrollbarcustom\x64\debug\moc\moc_scrollbarcustom.cpp
e:\workspace\wheel\qtcustomwidgets\widgets\scrollbarcustom\scrollbarcustom\x64\debug\rcc\qrc_mainwindow.cpp
e:\workspace\wheel\qtcustomwidgets\widgets\scrollbarcustom\scrollbarcustom\x64\debug\uic\ui_mainwindow.h
e:\workspace\wheel\qtcustomwidgets\widgets\scrollbarcustom\scrollbarcustom\x64\debug\uic\ui_scrollbarcustom.h
e:\workspace\wheel\qtcustomwidgets\widgets\scrollbarcustom\scrollbarcustom\x64\debug\moc\moc_mainwindow.cpp
e:\workspace\wheel\qtcustomwidgets\widgets\scrollbarcustom\scrollbarcustom\x64\debug\moc\moc_scrollbarcustom.cpp
e:\workspace\wheel\qtcustomwidgets\widgets\widget_scrollbarcustom\scrollbarcustom\x64\debug\uic\ui_mainwindow.h
e:\workspace\wheel\qtcustomwidgets\widgets\widget_scrollbarcustom\scrollbarcustom\x64\debug\uic\ui_scrollbarcustom.h
e:\workspace\wheel\qtcustomwidgets\widgets\widget_scrollbarcustom\scrollbarcustom\x64\debug\rcc\qrc_mainwindow.cpp
e:\workspace\wheel\qtcustomwidgets\widgets\widget_scrollbarcustom\scrollbarcustom\x64\debug\moc\moc_mainwindow.cpp
e:\workspace\wheel\qtcustomwidgets\widgets\scrollbarcustom\x64\debug\scrollbarcustom.ilk
e:\workspace\wheel\qtcustomwidgets\widgets\widget_scrollbarcustom\x64\debug\scrollbarcustom.pdb
e:\workspace\wheel\qtcustomwidgets\widgets\widget_scrollbarcustom\x64\debug\scrollbarcustom.exe
e:\workspace\wheel\qtcustomwidgets\widgets\widget_scrollbarcustom\x64\debug\scrollbarcustom.ilk
e:\workspace\wheel\qtcustomwidgets\widgets\widget_scrollbarcustom\scrollbarcustom\x64\debug\scrollbarcustom.tlog\cl.command.1.tlog
e:\workspace\wheel\qtcustomwidgets\widgets\widget_scrollbarcustom\scrollbarcustom\x64\debug\scrollbarcustom.tlog\cl.items.tlog
e:\workspace\wheel\qtcustomwidgets\widgets\widget_scrollbarcustom\scrollbarcustom\x64\debug\scrollbarcustom.tlog\cl.read.1.tlog
e:\workspace\wheel\qtcustomwidgets\widgets\widget_scrollbarcustom\scrollbarcustom\x64\debug\scrollbarcustom.tlog\cl.write.1.tlog
e:\workspace\wheel\qtcustomwidgets\widgets\widget_scrollbarcustom\scrollbarcustom\x64\debug\scrollbarcustom.tlog\link-cvtres.read.1.tlog
e:\workspace\wheel\qtcustomwidgets\widgets\widget_scrollbarcustom\scrollbarcustom\x64\debug\scrollbarcustom.tlog\link-cvtres.write.1.tlog
e:\workspace\wheel\qtcustomwidgets\widgets\widget_scrollbarcustom\scrollbarcustom\x64\debug\scrollbarcustom.tlog\link-rc.read.1.tlog
e:\workspace\wheel\qtcustomwidgets\widgets\widget_scrollbarcustom\scrollbarcustom\x64\debug\scrollbarcustom.tlog\link-rc.write.1.tlog
e:\workspace\wheel\qtcustomwidgets\widgets\widget_scrollbarcustom\scrollbarcustom\x64\debug\scrollbarcustom.tlog\link.command.1.tlog
e:\workspace\wheel\qtcustomwidgets\widgets\widget_scrollbarcustom\scrollbarcustom\x64\debug\scrollbarcustom.tlog\link.read.1.tlog
e:\workspace\wheel\qtcustomwidgets\widgets\widget_scrollbarcustom\scrollbarcustom\x64\debug\scrollbarcustom.tlog\link.read.2.tlog
e:\workspace\wheel\qtcustomwidgets\widgets\widget_scrollbarcustom\scrollbarcustom\x64\debug\scrollbarcustom.tlog\link.read.3.tlog
e:\workspace\wheel\qtcustomwidgets\widgets\widget_scrollbarcustom\scrollbarcustom\x64\debug\scrollbarcustom.tlog\link.secondary.1.tlog
e:\workspace\wheel\qtcustomwidgets\widgets\widget_scrollbarcustom\scrollbarcustom\x64\debug\scrollbarcustom.tlog\link.write.1.tlog
e:\workspace\wheel\qtcustomwidgets\widgets\widget_scrollbarcustom\scrollbarcustom\x64\debug\scrollbarcustom.tlog\moc.read.1u.tlog
e:\workspace\wheel\qtcustomwidgets\widgets\widget_scrollbarcustom\scrollbarcustom\x64\debug\scrollbarcustom.tlog\moc.write.1u.tlog
e:\workspace\wheel\qtcustomwidgets\widgets\widget_scrollbarcustom\scrollbarcustom\x64\debug\scrollbarcustom.tlog\rcc.read.1u.tlog
e:\workspace\wheel\qtcustomwidgets\widgets\widget_scrollbarcustom\scrollbarcustom\x64\debug\scrollbarcustom.tlog\rcc.write.1u.tlog
e:\workspace\wheel\qtcustomwidgets\widgets\widget_scrollbarcustom\scrollbarcustom\x64\debug\scrollbarcustom.tlog\scrollbarcustom.write.1u.tlog
e:\workspace\wheel\qtcustomwidgets\widgets\widget_scrollbarcustom\scrollbarcustom\x64\debug\scrollbarcustom.tlog\uic.read.1u.tlog
e:\workspace\wheel\qtcustomwidgets\widgets\widget_scrollbarcustom\scrollbarcustom\x64\debug\scrollbarcustom.tlog\uic.write.1u.tlog
