e:\workspace\wheel\qtcustomwidgets\widgets\widget_sidebar\widget_sidebar\x64\debug\vc143.pdb
e:\workspace\wheel\qtcustomwidgets\widgets\widget_sidebar\widget_sidebar\x64\debug\vc143.idb
e:\workspace\wheel\qtcustomwidgets\widgets\widget_sidebar\widget_sidebar\x64\debug\qrc_mainwindow.obj
e:\workspace\wheel\qtcustomwidgets\widgets\widget_sidebar\widget_sidebar\x64\debug\mainwindow.obj
e:\workspace\wheel\qtcustomwidgets\widgets\widget_sidebar\widget_sidebar\x64\debug\main.obj
e:\workspace\wheel\qtcustomwidgets\widgets\widget_sidebar\widget_sidebar\x64\debug\sidebar.obj
e:\workspace\wheel\qtcustomwidgets\widgets\widget_sidebar\widget_sidebar\x64\debug\moc_mainwindow.obj
e:\workspace\wheel\qtcustomwidgets\widgets\widget_sidebar\widget_sidebar\x64\debug\moc_sidebar.obj
e:\workspace\wheel\qtcustomwidgets\widgets\widget_sidebar\x64\debug\widget_sidebar.exe
e:\workspace\wheel\qtcustomwidgets\widgets\widget_sidebar\x64\debug\widget_sidebar.pdb
e:\workspace\wheel\qtcustomwidgets\widgets\widget_sidebar\widget_sidebar\x64\debug\moc\moc_mainwindow.cpp
e:\workspace\wheel\qtcustomwidgets\widgets\widget_sidebar\widget_sidebar\x64\debug\moc\moc_sidebar.cpp
e:\workspace\wheel\qtcustomwidgets\widgets\widget_sidebar\widget_sidebar\x64\debug\rcc\qrc_mainwindow.cpp
e:\workspace\wheel\qtcustomwidgets\widgets\widget_sidebar\widget_sidebar\x64\debug\uic\ui_mainwindow.h
e:\workspace\wheel\qtcustomwidgets\widgets\widget_sidebar\widget_sidebar\x64\debug\uic\ui_sidebar.h
e:\workspace\wheel\qtcustomwidgets\widgets\widget_sidebar\widget_sidebar\x64\debug\widget_sidebar.ilk
e:\workspace\wheel\qtcustomwidgets\widgets\widget_sidebar\widget_sidebar\x64\debug\widget_sidebar.tlog\cl.command.1.tlog
e:\workspace\wheel\qtcustomwidgets\widgets\widget_sidebar\widget_sidebar\x64\debug\widget_sidebar.tlog\cl.items.tlog
e:\workspace\wheel\qtcustomwidgets\widgets\widget_sidebar\widget_sidebar\x64\debug\widget_sidebar.tlog\cl.read.1.tlog
e:\workspace\wheel\qtcustomwidgets\widgets\widget_sidebar\widget_sidebar\x64\debug\widget_sidebar.tlog\cl.write.1.tlog
e:\workspace\wheel\qtcustomwidgets\widgets\widget_sidebar\widget_sidebar\x64\debug\widget_sidebar.tlog\link.command.1.tlog
e:\workspace\wheel\qtcustomwidgets\widgets\widget_sidebar\widget_sidebar\x64\debug\widget_sidebar.tlog\link.read.1.tlog
e:\workspace\wheel\qtcustomwidgets\widgets\widget_sidebar\widget_sidebar\x64\debug\widget_sidebar.tlog\link.secondary.1.tlog
e:\workspace\wheel\qtcustomwidgets\widgets\widget_sidebar\widget_sidebar\x64\debug\widget_sidebar.tlog\link.write.1.tlog
e:\workspace\wheel\qtcustomwidgets\widgets\widget_sidebar\widget_sidebar\x64\debug\widget_sidebar.tlog\moc.read.1u.tlog
e:\workspace\wheel\qtcustomwidgets\widgets\widget_sidebar\widget_sidebar\x64\debug\widget_sidebar.tlog\moc.write.1u.tlog
e:\workspace\wheel\qtcustomwidgets\widgets\widget_sidebar\widget_sidebar\x64\debug\widget_sidebar.tlog\rcc.read.1u.tlog
e:\workspace\wheel\qtcustomwidgets\widgets\widget_sidebar\widget_sidebar\x64\debug\widget_sidebar.tlog\rcc.write.1u.tlog
e:\workspace\wheel\qtcustomwidgets\widgets\widget_sidebar\widget_sidebar\x64\debug\widget_sidebar.tlog\uic.read.1u.tlog
e:\workspace\wheel\qtcustomwidgets\widgets\widget_sidebar\widget_sidebar\x64\debug\widget_sidebar.tlog\uic.write.1u.tlog
e:\workspace\wheel\qtcustomwidgets\widgets\widget_sidebar\widget_sidebar\x64\debug\widget_sidebar.tlog\widget_sidebar.write.1u.tlog
