e:\workspace\wheel\qtcustomwidgets\listwidgetcustom\listwidgetcustom\x64\debug\vc143.pdb
e:\workspace\wheel\qtcustomwidgets\listwidgetcustom\listwidgetcustom\x64\debug\main.obj
e:\workspace\wheel\qtcustomwidgets\listwidgetcustom\listwidgetcustom\x64\debug\listwidgetcustom01.obj
e:\workspace\wheel\qtcustomwidgets\listwidgetcustom\listwidgetcustom\x64\debug\scrollbarcustom01.obj
e:\workspace\wheel\qtcustomwidgets\listwidgetcustom\listwidgetcustom\x64\debug\mainwindow.obj
e:\workspace\wheel\qtcustomwidgets\listwidgetcustom\listwidgetcustom\x64\debug\qrc_icon.obj
e:\workspace\wheel\qtcustomwidgets\listwidgetcustom\listwidgetcustom\x64\debug\qrc_mainwindow.obj
e:\workspace\wheel\qtcustomwidgets\listwidgetcustom\listwidgetcustom\x64\debug\moc_scrollbarcustom01.obj
e:\workspace\wheel\qtcustomwidgets\listwidgetcustom\listwidgetcustom\x64\debug\moc_mainwindow.obj
e:\workspace\wheel\qtcustomwidgets\listwidgetcustom\listwidgetcustom\x64\debug\moc_listwidgetcustom01.obj
e:\workspace\wheel\qtcustomwidgets\listwidgetcustom\x64\debug\listwidgetcustom.exe
e:\workspace\wheel\qtcustomwidgets\listwidgetcustom\x64\debug\listwidgetcustom.pdb
e:\workspace\wheel\qtcustomwidgets\listwidgetcustom\listwidgetcustom\x64\debug\uic\ui_listwidgetcustom01.h
e:\workspace\wheel\qtcustomwidgets\listwidgetcustom\listwidgetcustom\x64\debug\uic\ui_mainwindow.h
e:\workspace\wheel\qtcustomwidgets\listwidgetcustom\listwidgetcustom\x64\debug\uic\ui_scrollbarcustom01.h
e:\workspace\wheel\qtcustomwidgets\listwidgetcustom\listwidgetcustom\x64\debug\rcc\qrc_mainwindow.cpp
e:\workspace\wheel\qtcustomwidgets\listwidgetcustom\listwidgetcustom\x64\debug\rcc\qrc_icon.cpp
e:\workspace\wheel\qtcustomwidgets\listwidgetcustom\listwidgetcustom\x64\debug\moc\moc_mainwindow.cpp
e:\workspace\wheel\qtcustomwidgets\listwidgetcustom\listwidgetcustom\x64\debug\moc\moc_scrollbarcustom01.cpp
e:\workspace\wheel\qtcustomwidgets\listwidgetcustom\listwidgetcustom\x64\debug\moc\moc_listwidgetcustom01.cpp
e:\workspace\wheel\qtcustomwidgets\listwidgetcustom\listwidgetcustom\x64\debug\listwidgetcustom.res
e:\workspace\wheel\qtcustomwidgets\listwidgetcustom\x64\debug\listwidgetcustom.ilk
e:\workspace\wheel\qtcustomwidgets\listwidgetcustom\listwidgetcustom\x64\debug\listwidgetcustom.tlog\cl.command.1.tlog
e:\workspace\wheel\qtcustomwidgets\listwidgetcustom\listwidgetcustom\x64\debug\listwidgetcustom.tlog\cl.items.tlog
e:\workspace\wheel\qtcustomwidgets\listwidgetcustom\listwidgetcustom\x64\debug\listwidgetcustom.tlog\cl.read.1.tlog
e:\workspace\wheel\qtcustomwidgets\listwidgetcustom\listwidgetcustom\x64\debug\listwidgetcustom.tlog\cl.write.1.tlog
e:\workspace\wheel\qtcustomwidgets\listwidgetcustom\listwidgetcustom\x64\debug\listwidgetcustom.tlog\link.command.1.tlog
e:\workspace\wheel\qtcustomwidgets\listwidgetcustom\listwidgetcustom\x64\debug\listwidgetcustom.tlog\link.read.1.tlog
e:\workspace\wheel\qtcustomwidgets\listwidgetcustom\listwidgetcustom\x64\debug\listwidgetcustom.tlog\link.secondary.1.tlog
e:\workspace\wheel\qtcustomwidgets\listwidgetcustom\listwidgetcustom\x64\debug\listwidgetcustom.tlog\link.write.1.tlog
e:\workspace\wheel\qtcustomwidgets\listwidgetcustom\listwidgetcustom\x64\debug\listwidgetcustom.tlog\listwidgetcustom.write.1u.tlog
e:\workspace\wheel\qtcustomwidgets\listwidgetcustom\listwidgetcustom\x64\debug\listwidgetcustom.tlog\moc.read.1u.tlog
e:\workspace\wheel\qtcustomwidgets\listwidgetcustom\listwidgetcustom\x64\debug\listwidgetcustom.tlog\moc.write.1u.tlog
e:\workspace\wheel\qtcustomwidgets\listwidgetcustom\listwidgetcustom\x64\debug\listwidgetcustom.tlog\rc.command.1.tlog
e:\workspace\wheel\qtcustomwidgets\listwidgetcustom\listwidgetcustom\x64\debug\listwidgetcustom.tlog\rc.read.1.tlog
e:\workspace\wheel\qtcustomwidgets\listwidgetcustom\listwidgetcustom\x64\debug\listwidgetcustom.tlog\rc.write.1.tlog
e:\workspace\wheel\qtcustomwidgets\listwidgetcustom\listwidgetcustom\x64\debug\listwidgetcustom.tlog\rcc.read.1u.tlog
e:\workspace\wheel\qtcustomwidgets\listwidgetcustom\listwidgetcustom\x64\debug\listwidgetcustom.tlog\rcc.write.1u.tlog
e:\workspace\wheel\qtcustomwidgets\listwidgetcustom\listwidgetcustom\x64\debug\listwidgetcustom.tlog\uic.read.1u.tlog
e:\workspace\wheel\qtcustomwidgets\listwidgetcustom\listwidgetcustom\x64\debug\listwidgetcustom.tlog\uic.write.1u.tlog
