e:\workspace\wheel\qtcustomwidgets\loadingwidgetcustom\aaa\x64\debug\uic\ui_aaa.h
e:\workspace\wheel\qtcustomwidgets\loadingwidgetcustom\aaa\x64\debug\uic\ui_textpoint.h
e:\workspace\wheel\qtcustomwidgets\loadingwidgetcustom\aaa\x64\debug\rcc\qrc_aaa.cpp
e:\workspace\wheel\qtcustomwidgets\loadingwidgetcustom\aaa\x64\debug\moc\moc_aaa.cpp
e:\workspace\wheel\qtcustomwidgets\loadingwidgetcustom\aaa\x64\debug\moc\moc_loadingwidget.cpp
e:\workspace\wheel\qtcustomwidgets\loadingwidgetcustom\aaa\x64\debug\moc\moc_spotcircle.cpp
e:\workspace\wheel\qtcustomwidgets\loadingwidgetcustom\aaa\x64\debug\moc\moc_spotscircle.cpp
e:\workspace\wheel\qtcustomwidgets\loadingwidgetcustom\aaa\x64\debug\moc\moc_loadingwidgetfactory.cpp
e:\workspace\wheel\qtcustomwidgets\loadingwidgetcustom\aaa\x64\debug\moc\moc_tubegradiantcircle.cpp
e:\workspace\wheel\qtcustomwidgets\loadingwidgetcustom\aaa\x64\debug\moc\moc_stickcircle.cpp
e:\workspace\wheel\qtcustomwidgets\loadingwidgetcustom\aaa\x64\debug\moc\moc_textcircle.cpp
e:\workspace\wheel\qtcustomwidgets\loadingwidgetcustom\aaa\x64\debug\moc\moc_slinkycircle.cpp
e:\workspace\wheel\qtcustomwidgets\loadingwidgetcustom\aaa\x64\debug\moc\moc_zoomingballs.cpp
e:\workspace\wheel\qtcustomwidgets\loadingwidgetcustom\aaa\x64\debug\moc\moc_ripplewave.cpp
e:\workspace\wheel\qtcustomwidgets\loadingwidgetcustom\aaa\x64\debug\moc\moc_textpoint.cpp
e:\workspace\wheel\qtcustomwidgets\loadingwidgetcustom\aaa\x64\debug\aaa.tlog\aaa.write.1u.tlog
e:\workspace\wheel\qtcustomwidgets\loadingwidgetcustom\aaa\x64\debug\aaa.tlog\moc.read.1u.tlog
e:\workspace\wheel\qtcustomwidgets\loadingwidgetcustom\aaa\x64\debug\aaa.tlog\moc.write.1u.tlog
e:\workspace\wheel\qtcustomwidgets\loadingwidgetcustom\aaa\x64\debug\aaa.tlog\rcc.read.1u.tlog
e:\workspace\wheel\qtcustomwidgets\loadingwidgetcustom\aaa\x64\debug\aaa.tlog\rcc.write.1u.tlog
e:\workspace\wheel\qtcustomwidgets\loadingwidgetcustom\aaa\x64\debug\aaa.tlog\uic.read.1u.tlog
e:\workspace\wheel\qtcustomwidgets\loadingwidgetcustom\aaa\x64\debug\aaa.tlog\uic.write.1u.tlog
