e:\workspace\wheel\qtcustomwidgets\wormanimation1\wormanimation\x64\debug\vc143.pdb
e:\workspace\wheel\qtcustomwidgets\wormanimation1\wormanimation\x64\debug\qrc_mainwindow.obj
e:\workspace\wheel\qtcustomwidgets\wormanimation1\wormanimation\x64\debug\worm.obj
e:\workspace\wheel\qtcustomwidgets\wormanimation1\wormanimation\x64\debug\mainwindow.obj
e:\workspace\wheel\qtcustomwidgets\wormanimation1\wormanimation\x64\debug\main.obj
e:\workspace\wheel\qtcustomwidgets\wormanimation1\wormanimation\x64\debug\moc_mainwindow.obj
e:\workspace\wheel\qtcustomwidgets\wormanimation1\wormanimation\x64\debug\moc_worm.obj
e:\workspace\wheel\qtcustomwidgets\wormanimation1\x64\debug\wormanimation.exe
e:\workspace\wheel\qtcustomwidgets\wormanimation1\x64\debug\wormanimation.pdb
e:\workspace\wheel\qtcustomwidgets\wormanimation1\wormanimation\x64\debug\moc\moc_mainwindow.cpp
e:\workspace\wheel\qtcustomwidgets\wormanimation1\wormanimation\x64\debug\moc\moc_worm.cpp
e:\workspace\wheel\qtcustomwidgets\wormanimation1\wormanimation\x64\debug\rcc\qrc_mainwindow.cpp
e:\workspace\wheel\qtcustomwidgets\wormanimation1\wormanimation\x64\debug\uic\ui_mainwindow.h
e:\workspace\wheel\qtcustomwidgets\wormanimation1\wormanimation\x64\debug\uic\ui_worm.h
e:\workspace\wheel\qtcustomwidgets\wormanimation1\x64\debug\wormanimation.ilk
e:\workspace\wheel\qtcustomwidgets\wormanimation1\wormanimation\x64\debug\wormanimation.tlog\cl.command.1.tlog
e:\workspace\wheel\qtcustomwidgets\wormanimation1\wormanimation\x64\debug\wormanimation.tlog\cl.items.tlog
e:\workspace\wheel\qtcustomwidgets\wormanimation1\wormanimation\x64\debug\wormanimation.tlog\cl.read.1.tlog
e:\workspace\wheel\qtcustomwidgets\wormanimation1\wormanimation\x64\debug\wormanimation.tlog\cl.write.1.tlog
e:\workspace\wheel\qtcustomwidgets\wormanimation1\wormanimation\x64\debug\wormanimation.tlog\link.command.1.tlog
e:\workspace\wheel\qtcustomwidgets\wormanimation1\wormanimation\x64\debug\wormanimation.tlog\link.read.1.tlog
e:\workspace\wheel\qtcustomwidgets\wormanimation1\wormanimation\x64\debug\wormanimation.tlog\link.secondary.1.tlog
e:\workspace\wheel\qtcustomwidgets\wormanimation1\wormanimation\x64\debug\wormanimation.tlog\link.write.1.tlog
e:\workspace\wheel\qtcustomwidgets\wormanimation1\wormanimation\x64\debug\wormanimation.tlog\moc.read.1u.tlog
e:\workspace\wheel\qtcustomwidgets\wormanimation1\wormanimation\x64\debug\wormanimation.tlog\moc.write.1u.tlog
e:\workspace\wheel\qtcustomwidgets\wormanimation1\wormanimation\x64\debug\wormanimation.tlog\rcc.read.1u.tlog
e:\workspace\wheel\qtcustomwidgets\wormanimation1\wormanimation\x64\debug\wormanimation.tlog\rcc.write.1u.tlog
e:\workspace\wheel\qtcustomwidgets\wormanimation1\wormanimation\x64\debug\wormanimation.tlog\uic.read.1u.tlog
e:\workspace\wheel\qtcustomwidgets\wormanimation1\wormanimation\x64\debug\wormanimation.tlog\uic.write.1u.tlog
e:\workspace\wheel\qtcustomwidgets\wormanimation1\wormanimation\x64\debug\wormanimation.tlog\wormanimation.write.1u.tlog
