e:\workspace\wheel\qtcustomwidgets\widgets\widget_delaybutton\widget_delaybutton\x64\debug\main.obj
e:\workspace\wheel\qtcustomwidgets\widgets\widget_delaybutton\widget_delaybutton\x64\debug\delaybutton.obj
e:\workspace\wheel\qtcustomwidgets\widgets\widget_delaybutton\widget_delaybutton\x64\debug\mainwindow.obj
e:\workspace\wheel\qtcustomwidgets\widgets\widget_delaybutton\widget_delaybutton\x64\debug\vc143.pdb
e:\workspace\wheel\qtcustomwidgets\widgets\widget_delaybutton\widget_delaybutton\x64\debug\moc_mainwindow.obj
e:\workspace\wheel\qtcustomwidgets\widgets\widget_delaybutton\widget_delaybutton\x64\debug\moc_delaybutton.obj
e:\workspace\wheel\qtcustomwidgets\widgets\widget_delaybutton\widget_delaybutton\x64\debug\vc143.idb
e:\workspace\wheel\qtcustomwidgets\widgets\widget_delaybutton\widget_delaybutton\x64\debug\qrc_mainwindow.obj
e:\workspace\wheel\qtcustomwidgets\widgets\widget_delaybutton\x64\debug\widget_delaybutton.exe
e:\workspace\wheel\qtcustomwidgets\widgets\widget_delaybutton\x64\debug\widget_delaybutton.pdb
e:\workspace\wheel\qt\qtcustomwidgets\widgets\widget_delaybutton\widget_delaybutton\x64\debug\qt\moc\moc_mainwindow.cpp
e:\workspace\wheel\qt\qtcustomwidgets\widgets\widget_delaybutton\widget_delaybutton\x64\debug\qt\moc\moc_delaybutton.cpp
e:\workspace\wheel\qt\qtcustomwidgets\widgets\widget_delaybutton\widget_delaybutton\x64\debug\qt\rcc\qrc_mainwindow.cpp
e:\workspace\wheel\qt\qtcustomwidgets\widgets\widget_delaybutton\widget_delaybutton\x64\debug\qt\uic\ui_delaybutton.h
e:\workspace\wheel\qt\qtcustomwidgets\widgets\widget_delaybutton\widget_delaybutton\x64\debug\qt\uic\ui_mainwindow.h
e:\workspace\wheel\qtcustomwidgets\widgets\widget_delaybutton\widget_delaybutton\x64\debug\uic\ui_mainwindow.h
e:\workspace\wheel\qtcustomwidgets\widgets\widget_delaybutton\widget_delaybutton\x64\debug\rcc\qrc_mainwindow.cpp
e:\workspace\wheel\qtcustomwidgets\widgets\widget_delaybutton\widget_delaybutton\x64\debug\moc\moc_mainwindow.cpp
e:\workspace\wheel\qtcustomwidgets\widgets\widget_delaybutton\widget_delaybutton\x64\debug\uic\ui_delaybutton.h
e:\workspace\wheel\qtcustomwidgets\widgets\widget_delaybutton\widget_delaybutton\x64\debug\moc\moc_delaybutton.cpp
e:\workspace\wheel\qtcustomwidgets\widgets\widget_delaybutton\widget_delaybutton\x64\debug\widget_delaybutton.ilk
e:\workspace\wheel\qt\qtcustomwidgets\widgets\widget_delaybutton\widget_delaybutton\x64\debug\delaybutton.obj
e:\workspace\wheel\qt\qtcustomwidgets\widgets\widget_delaybutton\widget_delaybutton\x64\debug\main.obj
e:\workspace\wheel\qt\qtcustomwidgets\widgets\widget_delaybutton\widget_delaybutton\x64\debug\mainwindow.obj
e:\workspace\wheel\qt\qtcustomwidgets\widgets\widget_delaybutton\widget_delaybutton\x64\debug\moc_delaybutton.obj
e:\workspace\wheel\qt\qtcustomwidgets\widgets\widget_delaybutton\widget_delaybutton\x64\debug\moc_mainwindow.obj
e:\workspace\wheel\qt\qtcustomwidgets\widgets\widget_delaybutton\widget_delaybutton\x64\debug\qrc_mainwindow.obj
e:\workspace\wheel\qt\qtcustomwidgets\widgets\widget_delaybutton\widget_delaybutton\x64\debug\widget_delaybutton.ilk
e:\workspace\wheel\qt\qtcustomwidgets\widgets\widget_delaybutton\widget_delaybutton\x64\debug\vc143.idb
e:\workspace\wheel\qt\qtcustomwidgets\widgets\widget_delaybutton\widget_delaybutton\x64\debug\vc143.pdb
e:\workspace\wheel\qt\qtcustomwidgets\widgets\widget_delaybutton\x64\debug\widget_delaybutton.pdb
e:\workspace\wheel\qt\qtcustomwidgets\widgets\widget_delaybutton\x64\debug\widget_delaybutton.exe
e:\workspace\wheel\qt\qtcustomwidgets\widgets\widget_delaybutton\widget_delaybutton\x64\debug\widget_d.a5325ea8.tlog\cl.command.1.tlog
e:\workspace\wheel\qt\qtcustomwidgets\widgets\widget_delaybutton\widget_delaybutton\x64\debug\widget_d.a5325ea8.tlog\cl.items.tlog
e:\workspace\wheel\qt\qtcustomwidgets\widgets\widget_delaybutton\widget_delaybutton\x64\debug\widget_d.a5325ea8.tlog\cl.read.1.tlog
e:\workspace\wheel\qt\qtcustomwidgets\widgets\widget_delaybutton\widget_delaybutton\x64\debug\widget_d.a5325ea8.tlog\cl.write.1.tlog
e:\workspace\wheel\qt\qtcustomwidgets\widgets\widget_delaybutton\widget_delaybutton\x64\debug\widget_d.a5325ea8.tlog\link.command.1.tlog
e:\workspace\wheel\qt\qtcustomwidgets\widgets\widget_delaybutton\widget_delaybutton\x64\debug\widget_d.a5325ea8.tlog\link.read.1.tlog
e:\workspace\wheel\qt\qtcustomwidgets\widgets\widget_delaybutton\widget_delaybutton\x64\debug\widget_d.a5325ea8.tlog\link.secondary.1.tlog
e:\workspace\wheel\qt\qtcustomwidgets\widgets\widget_delaybutton\widget_delaybutton\x64\debug\widget_d.a5325ea8.tlog\link.write.1.tlog
e:\workspace\wheel\qt\qtcustomwidgets\widgets\widget_delaybutton\widget_delaybutton\x64\debug\widget_d.a5325ea8.tlog\moc.read.1u.tlog
e:\workspace\wheel\qt\qtcustomwidgets\widgets\widget_delaybutton\widget_delaybutton\x64\debug\widget_d.a5325ea8.tlog\moc.write.1u.tlog
e:\workspace\wheel\qt\qtcustomwidgets\widgets\widget_delaybutton\widget_delaybutton\x64\debug\widget_d.a5325ea8.tlog\rcc.read.1u.tlog
e:\workspace\wheel\qt\qtcustomwidgets\widgets\widget_delaybutton\widget_delaybutton\x64\debug\widget_d.a5325ea8.tlog\rcc.write.1u.tlog
e:\workspace\wheel\qt\qtcustomwidgets\widgets\widget_delaybutton\widget_delaybutton\x64\debug\widget_d.a5325ea8.tlog\uic.read.1u.tlog
e:\workspace\wheel\qt\qtcustomwidgets\widgets\widget_delaybutton\widget_delaybutton\x64\debug\widget_d.a5325ea8.tlog\uic.write.1u.tlog
e:\workspace\wheel\qt\qtcustomwidgets\widgets\widget_delaybutton\widget_delaybutton\x64\debug\widget_d.a5325ea8.tlog\widget_delaybutton.write.1u.tlog
